
> intro-storybook-react-template@0.2.0 build-storybook
> storybook build --output-dir /tmp/chromatic--8824-sXqy0qIbi7Pm

@storybook/cli v7.6.6

info => Cleaning outputDir: /tmp/chromatic--8824-sXqy0qIbi7Pm
info => Loading presets
info => Building manager..
info => Manager built (347 ms)
info => Building preview..
info => Copying static files: /home/ubuntu/learnstorybook-code/node_modules/@storybook/manager/static at /tmp/chromatic--8824-sXqy0qIbi7Pm/sb-common-assets
info => Copying static files: /home/ubuntu/learnstorybook-code/public at /tmp/chromatic--8824-sXqy0qIbi7Pm/
vite v4.5.1 building for production...

./sb-common-assets/fonts.css doesn't exist at build time, it will remain unchanged to be resolved at runtime
transforming...
node_modules/telejson/dist/index.mjs (1413:15) Use of eval in "node_modules/telejson/dist/index.mjs" is strongly discouraged as it poses security risks and may cause issues with minification.
node_modules/telejson/dist/index.mjs (1416:18) Use of eval in "node_modules/telejson/dist/index.mjs" is strongly discouraged as it poses security risks and may cause issues with minification.
✓ 865 modules transformed.
rendering chunks...
computing gzip size...
../../../tmp/chromatic--8824-sXqy0qIbi7Pm/iframe.html                                     12.58 kB │ gzip:   3.58 kB
../../../tmp/chromatic--8824-sXqy0qIbi7Pm/assets/percolate-dac75269.ttf                   34.04 kB
../../../tmp/chromatic--8824-sXqy0qIbi7Pm/assets/percolate-ec979d96.woff                  34.11 kB
../../../tmp/chromatic--8824-sXqy0qIbi7Pm/assets/percolate-5ed633c2.eot                   34.21 kB
../../../tmp/chromatic--8824-sXqy0qIbi7Pm/assets/percolate-d13fa91b.svg                  140.51 kB │ gzip:  47.50 kB
../../../tmp/chromatic--8824-sXqy0qIbi7Pm/assets/preview-4f244d89.css                      6.87 kB │ gzip:   2.06 kB
../../../tmp/chromatic--8824-sXqy0qIbi7Pm/assets/_commonjs-dynamic-modules-302442b1.js     0.24 kB │ gzip:   0.19 kB
../../../tmp/chromatic--8824-sXqy0qIbi7Pm/assets/WithTooltip-V3YHNWJZ-d53c59a3.js          0.44 kB │ gzip:   0.27 kB
../../../tmp/chromatic--8824-sXqy0qIbi7Pm/assets/syntaxhighlighter-V7JZZA35-0ba078a1.js    0.45 kB │ gzip:   0.29 kB
../../../tmp/chromatic--8824-sXqy0qIbi7Pm/assets/preview-7fd02c33.js                       0.51 kB │ gzip:   0.33 kB
../../../tmp/chromatic--8824-sXqy0qIbi7Pm/assets/index-3fd0d1ea.js                         0.58 kB │ gzip:   0.35 kB
../../../tmp/chromatic--8824-sXqy0qIbi7Pm/assets/preview-73104b77.js                       0.64 kB │ gzip:   0.44 kB
../../../tmp/chromatic--8824-sXqy0qIbi7Pm/assets/_commonjsHelpers-de833af9.js              0.69 kB │ gzip:   0.38 kB
../../../tmp/chromatic--8824-sXqy0qIbi7Pm/assets/index-356e4a49.js                         0.77 kB │ gzip:   0.47 kB
../../../tmp/chromatic--8824-sXqy0qIbi7Pm/assets/index-8d47fad6.js                         0.80 kB │ gzip:   0.52 kB
../../../tmp/chromatic--8824-sXqy0qIbi7Pm/assets/preview-0ef86afd.js                       0.86 kB │ gzip:   0.55 kB
../../../tmp/chromatic--8824-sXqy0qIbi7Pm/assets/preview-4b010c9d.js                       1.04 kB │ gzip:   0.67 kB
../../../tmp/chromatic--8824-sXqy0qIbi7Pm/assets/entry-preview-fb6629d6.js                 1.12 kB │ gzip:   0.66 kB
../../../tmp/chromatic--8824-sXqy0qIbi7Pm/assets/index-11d98b33.js                         2.59 kB │ gzip:   1.26 kB
../../../tmp/chromatic--8824-sXqy0qIbi7Pm/assets/preview-30b54f76.js                       3.21 kB │ gzip:   1.37 kB
../../../tmp/chromatic--8824-sXqy0qIbi7Pm/assets/Task.stories-be66593f.js                  4.30 kB │ gzip:   1.79 kB
../../../tmp/chromatic--8824-sXqy0qIbi7Pm/assets/iframe-686bd7ad.js                        4.64 kB │ gzip:   1.66 kB
../../../tmp/chromatic--8824-sXqy0qIbi7Pm/assets/preview-d01b88e8.js                       5.23 kB │ gzip:   2.39 kB
../../../tmp/chromatic--8824-sXqy0qIbi7Pm/assets/index-76fb7be0.js                         7.16 kB │ gzip:   2.91 kB
../../../tmp/chromatic--8824-sXqy0qIbi7Pm/assets/preview-da31036b.js                       7.62 kB │ gzip:   1.56 kB
../../../tmp/chromatic--8824-sXqy0qIbi7Pm/assets/preview-c56bf6ac.js                       8.28 kB │ gzip:   3.16 kB
../../../tmp/chromatic--8824-sXqy0qIbi7Pm/assets/index-da07a199.js                        13.61 kB │ gzip:   5.08 kB
../../../tmp/chromatic--8824-sXqy0qIbi7Pm/assets/Color-6VNJS4EI-2a6a78e5.js               17.64 kB │ gzip:   6.75 kB
../../../tmp/chromatic--8824-sXqy0qIbi7Pm/assets/TaskList.stories-72561d69.js             31.12 kB │ gzip:  11.63 kB
../../../tmp/chromatic--8824-sXqy0qIbi7Pm/assets/preview-f93f0a1a.js                      34.19 kB │ gzip:  13.35 kB
../../../tmp/chromatic--8824-sXqy0qIbi7Pm/assets/preview-21802b0a.js                      72.07 kB │ gzip:  24.33 kB
../../../tmp/chromatic--8824-sXqy0qIbi7Pm/assets/_getPrototype-1e53b583.js                78.40 kB │ gzip:  23.40 kB
../../../tmp/chromatic--8824-sXqy0qIbi7Pm/assets/react-18-236157c6.js                    134.55 kB │ gzip:  43.45 kB
../../../tmp/chromatic--8824-sXqy0qIbi7Pm/assets/entry-preview-docs-17bdf6ae.js          212.41 kB │ gzip:  65.85 kB
../../../tmp/chromatic--8824-sXqy0qIbi7Pm/assets/index-69d26cbb.js                       372.82 kB │ gzip: 114.15 kB
../../../tmp/chromatic--8824-sXqy0qIbi7Pm/assets/DocsRenderer-NNNQARDV-8965bb1f.js       537.37 kB │ gzip: 175.11 kB
../../../tmp/chromatic--8824-sXqy0qIbi7Pm/assets/axe-c259e37e.js                         556.42 kB │ gzip: 152.74 kB
../../../tmp/chromatic--8824-sXqy0qIbi7Pm/assets/InboxScreen.stories-fd8f9d24.js         562.35 kB │ gzip: 148.57 kB
../../../tmp/chromatic--8824-sXqy0qIbi7Pm/assets/formatter-SWP5E3XI-f0611fc1.js          601.64 kB │ gzip: 185.06 kB

(!) Some chunks are larger than 500 kBs after minification. Consider:
- Using dynamic import() to code-split the application
- Use build.rollupOptions.output.manualChunks to improve chunking: https://rollupjs.org/configuration-options/#output-manualchunks
- Adjust chunk size limit for this warning via build.chunkSizeWarningLimit.
✓ built in 23.52s
info => Preview built (25 s)
info => Output directory: /tmp/chromatic--8824-sXqy0qIbi7Pm
